[    00000 Iitalzig cgrop ubyscpuset
   0000000] nitializing cgroup subsys cpu
[    0.000000] Initializing cgroup subsys cpuacct
[    0.000000] Linux version 4.4.0-135-generic (buildd@lcy01-amd64-020) (gcc version 5.4.0 20160609 (Ubuntu 5.4.0-6ubuntu1~16.04.10) #11-unu SMP onAu 2 10:5:1 TC2018 (buu .4.0-135.161generic .414
[   0.0000] Commndlie:BOOT_IAG=/oo/vmlinuz4..013-genrirot=LABEL=loudimg-rootfs ro conslett1 console=ttyS0
[    0.00000KERNL pprted cus
[   0.000]   InelenineIntel

[    0.00000]  AMD utenicMD
[   .0000]   Cenau CtaurHals
[    0.000000] x86/fpu: xstate_offset[2]:  576, xstate_sizes[2]:  256
[    0.000000] x86/fpu: Supporting XSAVE feature 0x01: 'x87 floating point registers'
[    0000000] x86/fu:SuportngXSE featur 002 'SE riser'
[    0.000000] x86/fpu: Supporting XSAVE feature 0x04: 'AVX registers'
[    0.000000] x86/fpu: Enabled xstate features 0x7, context size is 832 bytes, using 'standard' format.
[    0.000000] e820: BIOS-provided physical RAM map:
[    0.000000] BIOS-e820: [mem 0x0000000000000000-0x000000000009fbff] usable
[    0.000000] BIOS-e820: [mem 0x000000000009fc00-0x000000000009ffff] reserved
[    0.000000] BIOS-e820: [mem 0x00000000000f0000-0x00000000000fffff] reserved
[    0.000000] BIOS-e820: [mem 0x0000000000100000-0x00000000dffeffff] usable
[    0.000000] BIOS-e820: [mem 0x00000000dfff0000-0x00000000dfffffff] ACPI data
[    0000] BIOS-e820: mem 0x00000fc00000-0000000fe00ff resered
[    0.000000] BIOS-e820: [mem 0x00000000fee00000-0x00000000fee00fff] reserved
[    0.000000] BIOS-e820: [mem 0x00000000fffc0000-0x00000000ffffffff] reserved
[    0.000000] BIOS-e820: [mem 0x0000000100000000-0x000000011fffffff] usable
[    0.000000] NX (Execute Disable) protection: active
[    0.000000] SMBIOS 2.5 present.
[    0.000000] Hypervisor detected: KVM
[    0.000000] e820: last_pfn = 0x120000 max_arch_pfn = 0x400000000
[    0.000000] MTRR: Disabled
[    0.000000] x86/PAT: MTRRs disabled, skipping PAT initialization too.
[    0.000000] CPU MTRRs all blank - virtualized system.
[    0.000000] x86/PAT: Configuration [0-7]: WB  WT  UC- UC  WB  WT  UC- UC  
[    0.000000] e820: last_pfn = 0xdfff0 max_arch_pfn  0x4000000
[    0.000000] found SMP MP-table at [mem 0x0009fff0-0x0009ffff] mapped at [ffff88000009fff0]
[    0.000000] Scanning 1 areas for low memory corruption
[    0.000000] RAMDISK: [mem 0x3630a000-0x3717cfff]
[    0.000000] ACPI: Early table checksum verification disabled
[    0.000000] ACPI: RSDP 0x00000000000E0000 000024 (v02 VBOX  )
[    0.000000] ACPI: XSDT 0x00000000DFFF0030 00003C (v01 VBOX   VBOXXSDT 00000001 ASL  00000061)
[    0.000000] ACPI: FACP 0x00000000DFFF00F0 0000F4 (v04 VBOX   VBOXFACP 00000001 ASL  00000061)
[    0.000000] ACPI: DSDT 0x00000000DFFF0470 0021FF (v02 VBOX   VBOXBIOS 00000002 INTL 20180105)
[    0.000000] ACPI: FACS 0x00000000DFFF0200 000040
[    0.000000] ACPI: FACS 0x00000000DFFF0200 000040
[    0.000000] ACPI: APIC 0x00000000DFFF0240 00005C (v02 VBOX   VBOXAPIC 00000001 ASL  00000061)
[    0.000000] ACPI: SSDT 0x00000000DFFF02A0 0001CC (v01 VBOX   VBOXCPUT 00000002 INTL 20180105)
[    0.000000] No NUMA configuration found
[    0.000000] Faking a node at [mem 0x0000000000000000-0x000000011fffffff]
[    0.000000] NODE_DATA(0) allocated [mem 0x11fff7000-0x11fffbfff]
[    0.000000] kvm-clock: Using msrs 4b564d01 and 4b564d00
[    0.000000] kvm-clock: cpu 0, msr 1:1ffef001, primary cpu clock
[    0.000000] kvm-clock: using sched offset of 3358104273 cycles
[    0.000000] clocksource: kvm-clock: mask: 0xffffffffffffffff max_cycles: 0x1cd42e4dffb, max_idle_ns: 881590591483 ns
[    0.0000] on range
   0.000000]   DMA      [mem 0x0000000000001000-0x0000000000ffffff]
[    0.000000]   DMA32    [mem 0x0000000001000000-0x00000000ffffffff]
[    0.00000  Nomal   [mem 0000010000000-0x0000011fff]
[    0.000000]  evce   empty
[    0.000000] Movable zone start for each node
[    0.000000] Early memory node ranges
[    0.000000]   node   0: [mem 0x0000000000001000-0x000000000009efff]
[    0.000000]   node   0: [mem 0x000000000000-0x0000000dfeffff]
  0.00000]   node   0: [mem 0x0000000100000000-0x000000011fffffff]
[    0.000000] Initmem setup node 0 [mem 0x0000000000001000-0x000000011fffffff]
[    0.000000] ACPI: PM-Timer IO Port: 0x4008
[    0.000000] IOAPIC[0]: apic_id 2, version 32, address 0xfec00000, GSI 0-23
[    0.000000] ACPI: INT_SRC_OVR (bus 0 bus_irq 0 global_irq 2 dfl dfl)
[    0.000000] ACPI: INT_SRC_OVR (bus 0 bus_irq 9 global_irq 9 low level)
[    0.000000] Using ACPI (MADT) for SMP configuration information
[    0.000000] smpboot: Allowing 2 CPUs, 0 hotplug CPUs
[    0.000000] PM: Reistered osvememory [m x0000000-00000ff
   0.000000] PM: Registeedosav mor: [m 0009f000-0x0009ff]
[    0.000000] PM: Registered nosave memory: [mem 0x000a0000-0x000effff]
[    0.000000] PM: Registered nosave memry [em0x000f000-x00fffff][   .000000]PM Rgisterd osvememory [emxdfff00-dfffff]
[   00000] PM: Regiteed nosave memory: [mem 0xe0000000-0xfebfffff]
[    0.0000 P: egteed nsa mmory: [mem 0xfec00000-0xfec00fff]
[   .0000] PM: Rgiteednosave memor: me 0xfec01000xedffff][  0.00000PM: Registered nosave memory: [mem 0xfee00000-0xfee00fff]
[    0.000000] PM: Registered nosave memory: [mem 0xfee01000-0xfffbffff]
[    0.000000] PM: Registered nosave memory: [mem 0xfffc0000-0xffffffff]
[    0.000000] e820: [mem 0xe0000000-0xfebfffff] available for PCI devices
[    0.000000] Booting paravirtualized kernel on KVM
[    0.000000] clocksource: refined-jiffies: mask:xffffff x_cles: 0xffffffff, max_idle_n 75519600211568 ns[   0.00] sep_rcpu: NR_CPUS:512 nr_cpumask_bts512 nr_c_is:2 _ne_ids:1[   0.00000] PRCU: Embeded 34 pages/cpu @ffff88011fc00000 s99544 r8192 d31528 u1048576
[    0.000000] PV qspinlock hash table entries: 256 (order: 0, 4096 bytes)
[    0.000000] Built 1 zonelists in Node order, mobility grouping on.  Total pages: 1032056
[    0.000000] Policy zone: Normal
[    0.000000] Kernel command line: BOOT_IMAGE=/boot/vmlinuz-4.4.0-135-generic root=LABEL=cloudimg-rootfs ro console=tty1 console=ttyS0
[    0.000000] PID hash table entries: 4096 (order: 3, 32768 bytes)
[    0.000000] Memory: 4028232K/4193848K available (8554K kernel code, 1314K rwdata, 4004K rodata, 1516K init, 1316K bss, 165616K reserved, 0K cma-reserved)
[    0.000000] SLUB: HWaln=64, rd=03, Minbjts0, Cs= Nodes1    0.000] Kerne/Uerpageabs isolti: enabd[    00000] Hierchal RCU implementation.
[    0.000000] 	Build-time adjustment of leaf fanout to 64.
[    0.000000] 	RCU restricting CPUs from NR_CPUS=512 to nr_cpu_ids=2.
[    0.000000] RCU: Adjusting geometry for rcu_fanout_leaf=64, nr_cpu_ids=2
[    0.000000] NR_IRQS:33024 nr_irqs:440 16
[    0.000000] Console: colour VGA+ 80x25
[    0.000000] console [t1]enabd[    0.000000] console[tyS] nabled
    0.000000] tsc: Detected 2712.000 MHz processor
[    6.567557] Calibrating delay loop (skipped) preset value.. 5424.00 BogoMIPS (lpj=10848000)
[    6.569092] pid_max: default: 32768 minimum: 301
[    6.569914] ACPI: Core revision 20150930
[    6.571591] ACPI: 2 ACPI AMLables successfully acquired and loaded
[    6.644973] Security Framework initialized
[    6.676774] Yama: becoming mindful.
[    6.677469] AppArmor: AppArmor initialized
[    6.678825] Dentry cache hash table entries: 524288 (order: 10, 4194304 bytes)
[    6.701079] Inode-cache hash table entries: 262144 (order: 9, 2097152 bytes)
[    6.840228] Mount-cache hash table entries: 8192 (order: 4, 65536 bytes)
[    6.844588] Mountpoint-cache hash table entries: 8192 (order:  , 65536 bytes)
[    6.980392] Initializing cgroup subsys io
[    7.036321] Initializing cgroup subsys memory
[    7.051892] Initializing cgroup subsys devices
[    7.052706] Initializing cgroup subsys freezer
[    7.053509] Initializing cgroup subsys net_cls
[    7.054311] Initializing cgroup subsys perf_event
[    7.055160] Initializing cgroup subsys net_prio
[    7.070313] Initializing cgroup subsys hugetlb
[    7.087730] Initializing cgroup subsys pids
[    7.090104] mce: CPU supports 0 MCE banks
[    7.115107] Last level iTLB entries: 4KB 64, 2MB 8, 4MB 8
[    7.247360] Last level dTLB entries: 4KB 64, 2MB 0, 4MB 0, 1GB 4
[    7.388680] Spectre V2 : Mitigation: Full generic retpoline
[    7.436520] Spectre V2 : Speculation control IBPB not-supported IBRS not-supported
[    7.556151] Spectre V2 : Filling RSB on context switch
[    7.703070] Speculative Store Bypass: Vulnerable
[    7.706172] Freeing SMP alternatives memory: 32K
[    7.794889] ftrace: allocating 32266 entries in 127 pages
[    7.870645] smpboot: APIC(0) Converting physical 0 to logical package 0
[    7.875780] smpboot: Max logical packages: 1
[    7.882158] x2apic enabled
[    7.882959] Switched APIC routing to physical x2apic.
[    7.884913] ..TIMER: vector=0x30 apic1=0 pin1=2 apic2=-1 pin2=-1
[    8.035445] smpboot: CPU0: Intel(R) Core(TM) i5-7200U CPU @ 2.50GHz (family: 0x6, model: 0x8e, stepping: 0x9)
[    8.216143] Performance Events: unsupported p6 CPU model 142 no PMU driver, software events only.
[    8.308158] KVM setup paravirtual spinlock
[    8.365739] x86: Booting SMP configuration:
[    8.455499] .... node  #0, CPUs:      #1
[    8.547770] kvm-clock: cpu 1, msr 1:1ffef041, secondary cpu clock
[    8.550665] mce: CPU supports 0 MCE banks
[    8.553461] x86: Booted up 1 node, 2 CPUs
[    8.579665] smpboot: Total of 2 processors activated (10848.00 BogoMIPS)
[    8.581154] devtmpfs: initialized
[    8.584886] evm: security.selinux
[    8.631434] evm: security.SMACK64
[    8.632108] evm: security.SMACK64EXEC
[    8.632816] evm: security.SMACK64TRANSMUTE
[    8.708264] evm: security.SMACK64MMAP
[    8.789922] evm: security.ima
[    8.803582] evm: security.capability
[    8.804545] clocksource: jiffies: mask: 0xffffffff max_cycles: 0xffffffff, max_idle_ns: 7645041785100000 ns
[    8.827331] futex hash table entries: 512 (order: 3, 32768 bytes)
[    8.828513] pinctrl core: initialized pinctrl subsystem
[    8.831222] RTC time: 12:49:11, date: 10/09/18
[    8.832237] NET: Registered protocol family 16
[    8.843306] cpuidle: using governor ladder
[    8.899291] cpuidle: using governor menu
[    8.960246] PCCT header not found.
[    9.000664] ACPI: bus type PCI registered
[    9.002606] acpiphp: ACPI Hot Plug PCI Controller Driver version: 0.5
[    9.003794] PCI: Using configuration type 1 for base access
[    9.156715] ACPI: Added _OSI(Module Device)
[    9.269799] ACPI: Added _OSI(Processor Device)
[    9.347752] ACPI: Added _OSI(3.0 _SCP Extensions)
[    9.412257] ACPI: Added _OSI(Processor Aggregator Device)
[    9.471253] ACPI: Executed 1 blocks of module-level executable AML code
[    9.601652] ACPI: Interpreter enabled
[    9.643119] ACPI: (supports S0 S5)
[    9.643839] ACPI: Using IOAPIC for interrupt routing
[    9.679977] PCI: Using host bridge windows from ACPI; if necessary, use "pci=nocrs" and report a bug
[    9.708807] ACPI: PCI Root Bridge [PCI0] (domain 0000 [bus 00-ff])
[    9.779578] acpi PNP0A03:00: _OSC: OS supports [ASPM ClockPM Segments MSI]
[    9.780803] acpi PNP0A03:00: _OSC: not requesting OS control; OS requires [ExtendedConfig ASPM ClockPM MSI]
[    9.849110] acpi PNP0A03:00: fail to add MMCONFIG information, can't access extended PCI configuration space under this bridge.
[    9.865216] PCI host bridge to bus 0000:00
[    9.893090] pci_bus 0000:00: root bus resource [io  0x0000-0x0cf7 window]
[    9.929123] pci_bus 0000:00: root bus resource [io  0x0d00-0xffff window]
[   10.001930] pci_bus 0000:00: root bus resource [mem 0x000a0000-0x000bffff window]
[   10.024600] pci_bus 0000:00: root bus resource [mem 0xe0000000-0xfdffffff window]
[   10.081001] pci_bus 0000:00: root bus resource [bus 00-ff]
[   10.086376] pci 0000:00:01.1: legacy IDE quirk: reg 0x10: [io  0x01f0-0x01f7]
[   10.188403] pci 0000:00:01.1: legacy IDE quirk: reg 0x14: [io  0x03f6]
[   10.279510] pci 0000:00:01.1: legacy IDE quirk: reg 0x18: [io  0x0170-0x0177]
[   10.320536] pci 0000:00:01.1: legacy IDE quirk: reg 0x1c: [io  0x0376]
[   10.408548] pci 0000:00:07.0: quirk: [io  0x4000-0x403f] claimed by PIIX4 ACPI
[   10.539913] pci 0000:00:07.0: quirk: [io  0x4100-0x410f] claimed by PIIX4 SMB
[   10.644163] ACPI: PCI Interrupt Link [LNKA] (IRQs 5 9 10 *11)
[   10.742862] ACPI: PCI Interrupt Link [LNKB] (IRQs 5 9 *10 11)
[   10.847242] ACPI: PCI Interrupt Link [LNKC] (IRQs 5 *9 10 11)
[   10.983970] ACPI: PCI Interrupt Link [LNKD] (IRQs 5 9 10 *11)
[   11.039075] ACPI: Enabled 2 GPEs in block 00 to 07
[   11.082874] vgaarb: setting as boot device: PCI:0000:00:02.0
[   11.083706] vgaarb: device added: PCI:0000:00:02.0,decodes=io+mem,owns=io+mem,locks=none
[   11.201294] vgaarb: loaded
[   11.244735] vgaarb: bridge control possible 0000:00:02.0
[   11.306632] SCSI subsystem initialized
[   11.307529] ACPI: bus type USB registered
[   11.346190] usbcore: registered new interface driver usbfs
[   11.381091] usbcore: registered new interface driver hub
[   11.387529] usbcore: registered new device driver usb
[   11.388690] PCI: Using ACPI for IRQ routing
[   11.391483] NetLabel: Initializing
[   11.426579] NetLabel:  domain hash size = 128
[   11.427379] NetLabel:  protocols = UNLABELED CIPSOv4
[   11.428284] NetLabel:  unlabeled traffic allowed by default
[   11.429466] amd_nb: Cannot enumerate AMD northbridges
[   11.455088] clocksource: Switched to clocksource kvm-clock
[   11.571434] AppArmor: AppArmor Filesystem Enabled
[   11.639666] pnp: PnP ACPI init
[   11.640932]pn P API fun 3deics
[ 119108clckur: pim:as 0fff axcyles: 0ffff m_ie_: 850124ns
[  1.97860] NET: Registered protocol family 2

[   13.065763] TCP established hash table entries: 32768 (order: 6, 262144 bytes)
[   13.067232] TCP bind hash table entries: 32768 (order: 7, 524288 bytes)
[   3.068925] TCP: Hash tables configured (established 32768 bind 32768)
[  1.0774]UD hshtaleenris:208 orer 4 653 bes
[   13.611169]DPitha tlentes20 (de 4656 te
  4.01] T:egtereproc fil1  4.1040] pci 0000:00:00.0: Limitig re P/P tnsrs[ 15470]pci 0000:00:01.0: Activating ISA DMA hang workarounds
[   15.646834] Unpacking initramfs...
[   15.842716] Freeing initrd memory: 14796K
[   16.145165] PCI-DMA: Using software bounce buffering for IO (SWIOTLB)
[   16.385661] software IO TLB [mem 0xdbff0000-0xdfff0000] (64MB) mapped at [ffff8800dbff0000-ffff8800dffeffff]
[   16.406504] platform rtc_cmos: registered platform RTC device (no PNP device found)
[   16.426131] Scanning for low memory corruption every 60 seconds
[   16.427582] audit: initializing netlink subsys (disabled)
[   16.445683] audit: type=2000 audit(1539089353.125:1): initialized
[   16.625833] Initialise system trusted keyring
[   16.648982] HugeTLB registered 2 MB page size, pre-allocated 0 pages
[  17553zb: ad
[   17.047823] VFS Dk ot duo_66.
[  17.377401] VFS: Dquot-cache hash table entries: 512 (order 0, 4096 bytes)
[   17.403305] tsc: Refined TSC clocksource calibration: 2712.180 MHz
[ 17403308] clocksoue:scma: fffffffff axcyle 0278330c,ma_ie_: 075366 n
[   18.559118] squashfs: version 4.0 (2009/01/31) Phillip Lougher
[   18.644024] fuse init (API version 7.23)
[   18.732888] Key type big_key registered
[   18.935069] Allocating IMA MOK and blacklist keyrings.
[   19.086452] Key type asymmetric registered
[   19.126328] Asymmetric key parser 'x509' registered
[   19.127281] Block layer SCSI generic (bsg) driver version 0.4 loaded (major 249)
[   19.145245] io scheduler noop registered
[   19.145992] io scheduler deadline registered (default)
[   19.146937] io scheduler cfq registered
[   19.147794] pci_hotplug: PCI Hot Plug PCI Core version: 0.5
[   19.148787] pciehp: PCI Express Hot Plug Controller Driver version: 0.4
[   19.155823] ACPI: AC Adapter [AC] (on-line)
[   19.202892] input: Power Button as /devices/LNXSYSTM:00/LNXPWRBN:00/input/input0
[   19.206103] ACPI: Power Button [PWRF]
[   19.206893] input: Sleep Button as /devices/LNXSYSTM:00/LNXSLPBN:00/input/input1
[   19.208325] ACPI: Sleep Button [SLPF]
[   19.209894] ACPI: Battery Slot [BAT0] (battery present)
[   19.217074] GHES: HEST is not enabled!
[   9.9518] Serial: 8250160 iv, 32 ports, IRQ shri ebld
[ 19657]0:: ySat/Ox3 (q  4bae_au= 52) s a 16550A
[   20.656292] Linux agpgart interface v0.103
[   20.686927] loop: module loaded
[   20.715817] scsi host0: ata_piix
[   20.725504] scsi host1: ata_piix
[   20.729125] ata1: PATA max UDMA/33 cmd 0x1f0 ctl 0x3f6 bmdma 0xd000 irq 14
[   20.735798] ata2: PATA max UDMA/33 cmd 0x170 ctl 0x376 bmdma 0xd008 irq 15
[   20.745555] libphy: Fixed MDIO Bus: probed
[   20.955117] tun: Universal TUN/TAP device driver, 1.6
[   20.956026] tun: (C) 1999-2004 Max Krasnyansky <maxk@qualcomm.com>
[   20.957138] PPP generic driver version 2.4.2
[   20.961561] ehci_hcd: USB 2.0 'Enhanced' Host Controller (EHCI) Driver
[   20.975757] ehci-pci: EHCI PCI platform driver
[   20.981427] ehci-platform: EHCI generic platform driver
[   20.982368] ohci_hcd: USB 1.1 OOpen' Host Controller (OHCI) Driver
[   21.165112] ohci-pci: OHCI PCI platform driver
[   21.175489] ohci-platform: OHCI generic platform driver
[   21.176420] uhci_hcd: USB Universal Host Controller Interface driver
[   21.205733] i8042: PNP: PS/2 Controller [PNP0303:PS2K,PNP0f03:PS2M] at 0x60,0x64 irq 1,12
[   21.210193] serio: i8042 KBD port at 0x60,0x64 irq 1
[   21.235507] serio: i8042 AUX port at 0x60,0x64 irq 12
[   21.236549] mousedev: PS/2 mouse device common for all mice
[   21.256012] input: AT Translated Set 2 keyboard as /devices/platform/i8042/serio0/input/input2
[   21.406026] rtc_cmos rtc_cmos: rtc core: registered rtc_cmos as rtc0
[   21.409057] rtc_cmos rtc_cmos: alarms up to one day, 114 bytes nvram
[   21.435509] i2c /dev entries driver
[   21.436259] device-mapper: uevent: version 1.0.3
[   21.437164] device-mapper: ioctl: 4.34.0-ioctl (2015-10-28) initialised: dm-devel@redhat.com
[   21.438672] ledtrig-cpu: registered to indicate activity on CPUs
[   21.440150] NET: Registered protocol family 10
[   21.445551] NET: Registered protocol family 17
[   21.501885] Key type dns_resolver registered
[   21.535514] registered taskstats version 1
[   21.536197] Loading compiled-in X.509 certificates
[   21.555936] Loaded X.509 cert 'Build time autogenerated kernel key: b7189ebc996fd79c52efc1226b6676b25e4f6a2d'
[   21.975751] zswap: loaded using pool lzo/zbud
[   21.984247] Key type trusted registered
[   21.998289] Key type encrypted registered
[   22.055399] AppArmor: AppArmor sha1 policy hashing enabled
[   22.056216] ima: No TPM chip found, activating TPM-bypass!
[   22.057035] ima: Allocated hash algorithm: sha1
[   22.057755] evm: HMAC attrs: 0x1
[   22.058580]   Magic number: 6:759:834
[   22.059301] rtc_cmos rtc_cmos: setting system clock to 2018-10-09 12:49:24 UTC (1539089364)
[   22.242526] BIOS EDD facility v0.16 2004-Jun-25, 0 devices found
[   22.312738] EDD information not available.
[   22.314754] Freeing unused kernel memory: 1516K
[   22.335109] Write protecting the kernel read-only data: 14336k
[   22.341882] Freeing unused kernel memory: 1672K
[   22.344170] Freeing unused kernel memory: 92K
Loading, please wait...
[   22.356607] random: systemd-udevd: uninitialized urandom read (16 bytes read, 5 bits of entropy available)
starting version 229
[   22.357974] random: udevadm: uninitialized urandom read (16 bytes read, 5 bits of entropy available)
[   22.358012] random: udevadm: uninitialized urandom read (16 bytes read, 5 bits of entropy available)
[   22.367239] random: udevadm: uninitialized urandom read (16 bytes read, 5 bits of entropy available)
[   22.367290] random: udevadm: uninitialized urandom read (16 bytes read, 5 bits of entropy available)
[   22.367433] random: udevadm: uninitialized urandom read (16 bytes read, 5 bits of entropy available)
[   22.367485] random: udevadm: uninitialized urandom read (16 bytes read, 5 bits of entropy available)
[   22.367535] random: udevadm: uninitialized urandom read (16 bytes read, 5 bits of entropy available)
[   22.367589] random: udevadm: uninitialized urandom read (16 bytes read, 5 bits of entropy available)
[   22.367638] random: udevadm: uninitialized urandom read (16 bytes read, 5 bits of entropy available)
[   22.681845] e1000: Intel(R) PRO/1000 Network Driver - version 7.3.21-k8-NAPI
[   22.905107] e1000: Copyright (c) 1999-2006 Intel Corporation.
[   22.909789] Fusion MPT base driver 3.04.20
[   22.935141] Copyright (c) 1999-2008 LSI Corporation
[   22.953138] AVX2 version of gcm_enc/dec engaged.
[   23.153796] AES CTR mode by8 optimization enabled
[   23.296164] input: ImExPS/2 Generic Explorer Mouse as /devices/platform/i8042/serio1/input/input4
[   23.489007] Fusion MPT SPI Host driver 3.04.20
[   23.816064] e1000 0000:00:03.0 eth0: (PCI:33MHz:32-bit) 02:48:e1:e3:74:ed
[   23.917024] e1000 0000:00:03.0 eth0: Intel(R) PRO/1000 Network Connection
[   24.431093] e1000 0000:00:08.0 eth1: (PCI:33MHz:32-bit) 08:00:27:64:69:4e
[   24.585808] e1000 0000:00:08.0 eth1: Intel(R) PRO/1000 Network Connection
[   24.638744] mptbase: ioc0: Initiating bringup
[   24.639159] e1000 0000:00:08.0 enp0s8: renamed from eth1
[   24.792156] e1000 0000:00:03.0 enp0s3: renamed from eth0
[   24.891653] ioc0: LSI53C1030 A0: Capabilities={Initiator}
[   25.283364] scsi host2: ioc0: LSI53C1030 A0, FwRev=00000000h, Ports=1, MaxQ=256, IRQ=20
[   25.916592] scsi 2:0:0:0: Direct-Access     VBOX     HARDDISK         1.0  PQ: 0 ANSI: 5
[   26.035951] scsi target2:0:0: Beginning Domain Validation
[   26.316529] scsi target2:0:0: Domain Validation skipping write tests
[   26.395611] scsi target2:0:0: Ending Domain Validation
[   26.396583] scsi target2:0:0: asynchronous
[   26.455788] scsi 2:0:1:0: Direct-Access     VBOX     HARDDISK         1.0  PQ: 0 ANSI: 5
[   26.506131] scsi target2:0:1: Beginning Domain Validation
[   26.508556] scsi target2:0:1: Domain Validation skipping write tests
[   26.514261] scsi target2:0:1: Ending Domain Validation
[   26.515266] scsi target2:0:1: asynchronous
[   26.560008] sd 2:0:0:0: Attached scsi generic sg0 type 0
[   26.560235] sd 2:0:0:0: [sda] 20971520 512-byte logical blocks: (10.7 GB/10.0 GiB)
[   26.560339] sd 2:0:0:0: [sda] Write Protect is off
[   26.560398] sd 2:0:0:0: [sda] Incomplete mode parameter data
[   26.560399] sd 2:0:0:0: [sda] Assuming drive cache: write through
[   26.580382] sd 2:0:1:0: Attached scsi generic sg1 type 0
[   26.580516] sd 2:0:1:0: [sdb] 20480 512-byte logical blocks: (10.5 MB/10.0 MiB)
[   26.580614] sd 2:0:1:0: [sdb] Write Protect is off
[   26.580680] sd 2:0:1:0: [sdb] Incomplete mode parameter data
[   26.580681] sd 2:0:1:0: [sdb] Assuming drive cache: write through
[   26.594617]  sda: sda1
[   26.595281] sd 2:0:0:0: [sda] Attached SCSI disk
[   26.613532] sd 2:0:1:0: [sdb] Attached SCSI disk
Begin: Loading e[   28.071261] md: linear personality registered for level -1
ssential drivers ... [   28.407549] md: multipath personality registered for level -4
[   28.428106] md: raid0 personality registered for level 0
[   28.449702] md: raid1 personality registered for level 1
[   28.723128] raid6: sse2x1   gen() 10640 MB/s
[   28.867103] raid6: sse2x1   xor()  7350 MB/s
[   29.007150] raid6: sse2x2   gen() 12863 MB/s
[   29.147152] raid6: sse2x2   xor()  8915 MB/s
[   29.271145] raid6: sse2x4   gen() 14853 MB/s
[   29.351148] raid6: sse2x4   xor() 10324 MB/s
[   29.475160] raid6: avx2x1   gen() 21199 MB/s
[   29.607122] raid6: avx2x2   gen() 24639 MB/s
[   29.707100] raid6: avx2x4   gen() 26750 MB/s
[   29.811776] raid6: using algorithm avx2x4 gen() 26750 MB/s
[   29.908636] raid6: using avx2x2 recovery algorithm
[   30.004541] xor: automatically using best checksumming function:
[   30.454722]    avx       : 58336.000 MB/sec
[   30.486610] async_tx: api initialized (async)
[   30.592451] md: raid6 personality registered for level 6
[   30.715017] md: raid5 personality registered for level 5
[   30.826858] md: raid4 personality registered for level 4
[   30.906028] md: raid10 personality registered for level 10
done.
Begin: Running /scripts/init-premount ... done.
Begin: Mounting root file system ... Begi[   31.176500] Btrfs loaded
n: Running /scripts/local-top ... done.
Begin: Running /scripts/local-premount ... Scanning for Btrfs filesystems
done.
Warning: fsck not present, so skipping root file system
[   31.274000] EXT4-fs (sda1): mounted filesystem with ordered data mode. Opts: (null)
done.
Begin: Running /scripts/local-bottom ... done.
Begin: Running /scripts/init-bottom ... done.
[   32.098841] random: nonblocking pool is initialized
[   32.135121] systemd[1]: systemd 229 running in system mode. (+PAM +AUDIT +SELINUX +IMA +APPARMOR +SMACK +SYSVINIT +UTMP +LIBCRYPTSETUP +GCRYPT +GNUTLS +ACL +XZ -LZ4 +SECCOMP +BLKID +ELFUTILS +KMOD -IDN)
[   32.207146] systemd[1]: Detected virtualization oracle.
[   32.207956] systemd[1]: Detected architecture x86-64.

Welcome to [1mUbuntu 16.04.5 LTS[0m!

[   32.272336] systemd[1]: Set hostname to <ubuntu>.
[   32.450241] systemd[1]: Initializing machine ID from random generator.
[   32.465851] systemd[1]: Installed transient /etc/machine-id file.
[   33.353425] systemd[1]: Set up automount Arbitrary Executable File Formats File System Automount Point.
[[0;32m  OK  [0m] Set up automount Arbitrary Executab...ats File System Automount Point.
[   33.767507] systemd[1]: Listening on udev Kernel Socket.
[[0;32m  OK  [0m] Listening on udev Kernel Socket.
[   33.886152] systemd[1]: Listening on Device-mapper event daemon FIFOs.
[[0;32m  OK  [0m] Listening on Device-mapper event daemon FIFOs.
[   33.931501] systemd[1]: Listening on udev Control Socket.
[[0;32m  OK  [0m] Listening on udev Control Socket.
[   33.995340] systemd[1]: Started Trigger resolvconf update for networkd DNS.
[[0;32m  OK  [0m] Started Trigger resolvconf update for networkd DNS.
[   34.212078] systemd[1]: Reached target User and Group Name Lookups.
[[0;32m  OK  [0m] Reached target User and Group Name Lookups.
[   34.413438] systemd[1]: Listening on Syslog Socket.
[[0;32m  OK  [0m] Listening on Syslog Socket.
[   34.469724] systemd[1]: Listening on /dev/initctl Compatibility Named Pipe.
[[0;32m  OK  [0m] Listening on /dev/initctl Compatibility Named Pipe.
[   34.499556] systemd[1]: Created slice User and Session Slice.
[[0;32m  OK  [0m] Created slice User and Session Slice.
[   34.615320] systemd[1]: Reached target Encrypted Volumes.
[[0;32m  OK  [0m] Reached target Encrypted Volumes.
[   34.679336] systemd[1]: Listening on Journal Socket (/dev/log).
[[0;32m  OK  [0m] Listening on Journal Socket (/dev/log).
[   34.831341] systemd[1]: Listening on Journal Audit Socket.
[[0;32m  OK  [0m] Listening on Journal Audit Socket.
[   34.894103] systemd[1]: Listening on Journal Socket.
[[0;32m  OK  [0m] Listening on Journal Socket.
[   34.923530] systemd[1]: Created slic  System Slice.
[[0;32m  OK  [0m] Created slice System Slice.
[   35.235526] systemd[1]: Starting Journal Service...
         Starting Journal Service...
[   35.316570] systemd[1]: Starting Load Kernel Modules...
         Starting Load Kernel Modules...
[   35.371371] systemd[1]: Mounting POSIX Message Queue File System...
         Mounting POSIX Message Queue File System...
[   35.428208] systemd[1]: Starting Create list of required static device nodes for the current kernel...
[   35.463218] Loading iSCSI transport class v2.0-870.
         Starting Create list of required st... [   35.869015] iscsi: registered transport (tcp)
nodes for the current kernel...
[   35.935566] systemd[1]: Starting Set console keymap...
         Starting Set console keymap...
[   35.983871] systemd[1]: Created slice system-serial\x2dgetty.slice.
[[0;32m  OK  [0m] Created slice system-serial\x2dgetty.slice.
[   36.045529] systemd[1]: Starting Nameserver information manager...
         [   36.147218] iscsi: registered transport (iser)
Starting Nameserver information manager...
[   36.307950] systemd[1]: Mounting Huge Pages File System...
         Mounting Huge Pages File System...
[   36.468105] systemd[1]: Starting Uncomplicated firewall...
         Starting Uncomplicated firewall...
[   36.550604] systemd[1]: Listening on LVM2 metadata daemon socket.
[[0;32m  OK  [0m] Listening on LVM2 metadata daemon socket.
[   36.571326] systemd[1]: Starting Monitoring of LVM2 mirrors, snapshots etc. using dmeventd or progress polling...
         Starting Monitoring of LVM2 mirrors... dmeventd or progress polling...
[   36.709638] systemd[1]: Reached target System Time Synchronized.
[[0;32m  OK  [0m] Reached target System Time Synchronized.
[   36.783306] systemd[1]: Reached target Swap.
[[0;32m  OK  [0m] Reached target Swap.
[   36.851651] systemd[1]: Started Forward Password Requests to Wall Directory Watch.
[[0;32m  OK  [0m] Started Forward Password Requests to Wall Directory Watch.
[   36.875524] systemd[1]: Listening on LVM2 poll daemon socket.
[[0;32m  OK  [0m] Listening on LVM2 poll daemon socket.
[   36.911800] systemd[1]: Reached target Slices.
[[0;32m  OK  [0m] Reached target Slices.
[   36.984080] systemd[1]: Starting Remount Root and Kernel File Systems...
[   37.008556] EXT4-fs (sda1): re-mounted. Opts: (null)
         Starting Remount Root and Kernel File Systems...
[   37.147350] systemd[1]: Mounting Debug File System...
         Mounting Debug File System...
[   37.266566] systemd[1]: Mounted Huge Pages File System.
[[0;32m  OK  [0m] Mounted Huge Pages File System.
[   37.278426] systemd[1]: Mounted POSIX Message Queue File System.
[[0;32m  OK  [0m] Mounted POSIX Message Queue File System.
[   37.296623] systemd[1]: Mounted Debug File System.
[[0;32m  OK  [0m] Mounted Debug File System.
[   37.316433] systemd[1]: Started Journal Service.
[[0;32m  OK  [0m] Started Journal Service.
[[0;32m  OK  [0m] Started Load Kernel Modules.
[[0;32m  OK  [0m] Started Create list of required sta...ce nodes for the current kernel.
[[0;32m  OK  [0m] Started Set console keymap.
[[0;32m  OK  [0m] Started Uncomplicated firewall.
[[0;32m  OK  [0m] Started Remount Root and Kernel File Systems.
[[0;32m  OK  [0m] Started Nameserver information manager.
[[0;32m  OK  [0m] Started LVM2 metadata daemon.
         Starting Load/Save Random Seed...
         Starting udev Coldplug all Devices...
         Starting Create Static Device Nodes in /dev...
         Starting Apply Kernel Variables...
         Mounting FUSE Control File System...
         Starting Flush Journal to Persistent Storage...
[[0;32m  OK  [0m] Mounted FUSE Control File System.
[[0;32m  OK  [0m] Started Load/Save Random Seed.
[[0;32m  OK  [0m] Started Monitoring of LVM2 mirrors,...ng dmeventd or progress polling.
[[0;32m  OK  [0m] Started Apply Kernel Variables.
[[0;32m  OK  [0m] Started udev Coldplug all Devices.
[[0;32m  OK  [0m] Started Flush Journal to Persistent Storage.
[[0;32m  OK  [0m] Started Create Static Device Nodes in /dev.
         Starting udev Kernel Device Manager...
[[0;32m  OK  [0m] Started udev Kernel Device Manager.
[[0;32m  OK  [0m] Reached target Local File Systems (Pre).
[[0;32m  OK  [0m] Reached target Local File Systems.
         Starting LSB: AppArmor initialization...
         Starting Set console font and keymap...
         Starting Commit a transient machine-id on disk...
         Starting Create Volatile Files and Directories...
         Starting Initial cloud-init job (pre-networking)...
         Starting Tell Plymouth To Write Out Runtime Data...
[[0;32m  OK  [0m] Started Dispatch Password Requests to Console Directory Watch.
[[0;32m  OK  [0m] Started Commit a transient machine-id on disk.
[[0;32m  OK  [0m] Started Create Volatile Files and Directories.
[[0;32m  OK  [0m] Started Tell Plymouth To Write Out Runtime Data.
[[0;32m  OK  [0m] Found device /dev/ttyS0.
[[0;32m  OK  [0m] Listening on Load/Save RF Kill Switch Status /dev/rfkill Watch.
         Starting Update UTMP about System Boot/Shutdown...
[[0;32m  OK  [0m] Started Update UTMP about System Boot/Shutdown.
[[0;32m  OK  [0m] Started Set console font and keymap.
[[0;32m  OK  [0m] Created slice system-getty.slice.
[[0;32m  OK  [0m] Started LSB: AppArmor initialization.
[   32.625258] cloud-init[514]: Cloud-init v. 18.3-9-g2e62cb8a-0ubuntu1~16.04.2 running 'init-local' at Tue, 09 Oct 2018 12:49:45 +0000. Up 32.03 seconds.
[[0;32m  OK  [0m] Started Initial cloud-init job (pre-networking).
[[0;32m  OK  [0m] Reached target Network (Pre).
         Starting Raise network interfaces...
[[0;32m  OK  [0m] Started Raise network interfaces.
         Starting Initial cloud-init job (metadata service crawler)...
[[0;32m  OK  [0m] Reached target Network.
[   35.529252] cloud-init[948]: Cloud-init v. 18.3-9-g2e62cb8a-0ubuntu1~16.04.2 running 'init' at Tue, 09 Oct 2018 12:49:46 +0000. Up 33.60 seconds.
[   35.574498] cloud-init[948]: ci-info: ++++++++++++++++++++++++++++++++++++++Net device info+++++++++++++++++++++++++++++++++++++++
[   35.652919] cloud-init[948]: ci-info: +--------+-------+----------------------------+---------------+--------+-------------------+
[   35.653703] cloud-init[948]: ci-info: | Device |   Up  |          Address           |      Mask     | Scope  |     Hw-Address    |
[[0;32m  OK  [0m] Started Initial cloud-init job (metadata service crawler).
[   35.653897] cloud-init[948]: ci-info: +--------+-------+----------------------------+---------------+--------+-------------------+
[   35.853535] cloud-init[948]: ci-info: | enp0s3 |  True |         10.0.2.15          | 255.255.255.0 | global | 02:48:e1:e3:74:ed |
[   35.854886] cloud-init[948]: ci-info: | enp0s3 |  True | fe80::48:e1ff:fee3:74ed/64 |       .       |  link  | 02:48:e1:e3:74:ed |
[[0;32m  OK  [0m] Reached target System Initialization.
[   35.855441] cloud-init[948]: ci-info: | enp0s8 | False |             .              |       .       |   .    | 08:00:27:64:69:4e |
[   36.066319] cloud-init[948]: ci-info: |   lo   |  True |         127.0.0.1          |   255.0.0.0   |  host  |         .         |
[[0;32m  OK  [0m] Started Daily Cleanup of Temporary Directories.
[[   36.066898] cloud-init[948]: ci-info: |   lo   |  True |          ::1/128           |       .       |  host  |         .         |
[0;32m  OK  [0m] Listening on UUID daemon activation socket.
[   36.157512] cloud-init[948]: ci-info: +--------+-------+----------------------------+---------------+--------+-------------------+
[   36.249221] cloud-init[948]: ci-info: +++++++++++++++++++++++++++Route IPv4 info++++++++++++++++++++++++++++
[   36.250732] cloud-init[948]: ci-info: +-------+-------------+----------+---------------+-----------+-------+
[[0;32m  OK  [0m] Listening on ACPID Listen Socket.
[   36.251335] cloud-init[948]: ci-info: | Route | Destination | Gateway  |    Gennask    | Interface | Flags |
[   36.484254] cloud-init[948]: ci-info: +-------+-------------+----------+---------------+-----------+-------+
[[0;32m  OK  [0m] Started Daily apt download activities.
[[   36.484585] cloud-init[948]: ci-info: |   0   |   0.0.0.0   | 10.0.2.2 |    0.0.0.0    |   enp0s3  |   UG  |
[   36.661932] cloud-init[948]: ci-info: |   1   |   10.0.2.0  | 0.0.0.0  | 255.255.255.0 |   enp0s3  |   U   |
[0;32m  OK  [0m] Started Daily apt upgrade and clean activities.
[[   36.661973] cloud-init[948]: ci-info: +-------+-------------+----------+---------------+-----------+-------+
[   36.697513] cloud-init[948]: ci-info: +++++++++++++++++++Route IPv6 info+++++++++++++++++++
[   36.697678] cloud-init[948]: ci-info: +-------+-------------+---------+-----------+-------+
[   36.698132] cloud-init[948]: ci-info: | Route | Destination | Gateway | Interface | Flags |
[   36.698339] cloud-init[948]: ci-info: +-------+-------------+---------+-----------+-------+
[   36.698557] cloud-init[948]: ci-info: |   0   |  fe80::/64  |    ::   |   enp0s3  |   U   |
[   36.698851] cloud-init[948]: ci-info: |   3   |   ff00::/8  |    ::   |   enp0s3  |   U   |
[   36.699017] cloud-init[948]: ci-info: +-------+-------------+---------+-----------+-------+
[   36.699230] cloud-init[948]: Generating public/private rsa key pair.
[   36.699470] cloud-init[948]: Your identification has been saved in /etc/ssh/ssh_host_rsa_key.
[   36.699677] cloud-init[948]: Your public key has been saved in /etc/ssh/ssh_host_rsa_key.pub.
[   36.699898] cloud-init[948]: The key fingerprint is:
[   36.700350] cloud-init[948]: SHA256:+F041LG+Riuq9RQag2ROhjRQtUelCamQdjmie0jrvwY root@ubuntu-xenial
[   36.700567] cloud-init[948]: The key's randomart image is:
[   36.700789] cloud-init[948]: +---[RSA 2048]----+
[   36.701010] cloud-init[948]: |  .++oo.... .    |
[0;32m  OK  [0m] Reached target Timers.
[   36.701242] cloud-init[948]: |  =.+o.+ o . o   |
[   37.065273] cloud-init[948]: | o +.o* + . o    |
[   37.066556] cloud-init[948]: |..  .* + . o     |
[[0;32m  OK  [0m] Started ACPI Events Check.
[[   37.067135] cloud-init[948]: |.o.   + S + +    |
[   37.183363] cloud-init[948]: [0;32m  OK  [0m|oE.    . = = o   |] 
Reached target Paths.
[   37.183661] cloud-init[948]: |...     + + +    |
[   37.621902] cloud-init[948]: | . .   . + o     |
[[0;32m  OK  [0m] Listening on D-Bus System Message Bus Socket.
[   37.622258] cloud-init[948]: |  oo. ... .      |
[   37.749086] cloud-init[948]: +----[SHA256]-----+
[   37.751070] cloud-init[948]: Generating public/private dsa key pair.
[   37.752046] cloud-init[948]: Your identification has been saved in /etc/ssh/ssh_host_dsa_key.
[   37.754382] cloud-init[948]: Your public key has been saved in /etc/ssh/ssh_host_dsa_key.pub.
[   37.755634] cloud-init[948]: The key fingerprint is:
[   37.760963] cloud-init[948]: SHA256:I/xwGMxCCgOs/kypN9EcSFLRSsWEMzfW+9VlMK2kxnk root@ubuntu-xenial
[   37.761181] cloud-init[948]: The key's randomart image is:
         Starting LXD - unix socket.
[   37.761271] cloud-init[948]: +---[DSA 1024]----+
[   37.766713] cloud-init[948]: |* .oOo.      oo  |
[   37.766940] cloud-init[948]: | = O O .     ..+ |
         Starting Socket activation for snappy daemon.
[   37.767058] cloud-init[948]: |. = O = . . = +  |
[   37.937059] cloud-init[948]: |.  o + +   * E   |
[   37.938416] cloud-init[948]: |.   + * S o .    |
[[0;32m  OK  [0m] Reached target Network is Online.
[   37.939221] cloud-init[948]: | . + o = o       |
[   38.096903] cloud-init[948]: |  = .   .        |
[   38.098252] cloud-init[948]: | . =             |
         Starting iSCSI initiator daemon (iscsid)...
[   38.098803] cloud-init[948]: |  . .            |
[   38.170928] cloud-init[948]: +----[SHA256]-----+
[[0;32m  OK  [0m] Reached target Cloud-config availability.
[[   38.171513] cloud-init[948]: Generating public/private ecdsa key pair.
[   38.324650] cloud-init[948]: Your identification has been saved in /etc/ssh/ssh_host_ecdsa_key.
[0;32m  OK  [0m] Listening on LXD - unix socket.
[[   38.324712] cloud-init[948]: Your public key has been saved in /etc/ssh/ssh_host_ecdsa_key.pub.
[   38.576693] cloud-init[948]: The key fingerprint is:
[0;32m  OK  [0m] Listening on Socket activation for snappy daemon.
[   38.577270] cloud-init[948]: SHA256:N2y042wvKe7pmwwc0i5odsrCJSgRsZpOzsmt0ohSrIc root@ubuntu-xenial
[   38.690330] cloud-init[948]: The key's randomart image is:
[   38.732460] cloud-init[948]: +---[ECDSA 256]---+
[   38.732754] cloud-init[948]: |..               |
[[0;32m  OK  [0m] Reached target Sockets.
[[   38.732852] cloud-init[948]: |..               |
[   38.814262] cloud-init[948]: |..        .      |
[0;32m  OK  [0m] Reached target Basic System.
[   38.814335] cloud-init[948]: |o.   .   o .     |
[   38.824928] cloud-init[948]: |++  . o S B      |
[   38.853165] cloud-init[948]: |O.=o + . = o     |
         Starting Pollinate to seed the pseudo random number generator...
[   38.853370] cloud-init[948]: |+%*.o +   +.     |
[   38.973397] cloud-init[948]: |E=+o . o.+o.     |
[   38.974416] cloud-init[948]: |o+o    +Oo ..    |
[[0;32m  OK  [0m] Started Regular background program processing daemon.
[   38.975060] cloud-init[948]: +----[SHA256]-----+
[   39.060316] cloud-init[948]: Generating public/private ed25519 key pair.
[   39.060619] cloud-init[948]: Your identification has been saved in /etc/ssh/ssh_host_ed25519_key.         
Starting LSB: Record successful boot for GRUB...
[   39.060687] cloud-init[948]: Your public key has been saved in /etc/ssh/ssh_host_ed25519_key.pub.
[   39.090033] cloud-init[948]: The key fingerprint is:
[   39.112697] cloud-init[948]: SHA256:pmk8m5WXlK91rMRCfFKboxcnaKgDkbMh1fYE7E8FvNQ root@ubuntu-xenial
[   39.113356] cloud-init[948]: The key's randomart image is:
         Starting Accounts Service...
[   39.148630] cloud-init[948]: +--[ED25519 256]--+
[   39.148840] cloud-init[948]: |    .o.o.o       |
         Starting LSB: MD monitoring daemon...
[[   39.148970] cloud-init[948]: |   . .+ + E      |
[0;32m  OK  [0m] Started Unattended Upgrades Shutdown.
[   39.165916] cloud-init[948]: |  . =o + o  .    |
[   39.214737] cloud-init[948]: |   . =. +o + o   |
[   39.248449] cloud-init[948]: |    o  oS O B .  |
[   39.248707] cloud-init[948]: |     o =.= B *   |
         Starting Login Service...
[   39.248787] cloud-init[948]: |      O o = * o  |
[   39.313734] cloud-init[948]: |     . * . * o   |
[   39.317317] cloud-init[948]: |      o   . .    |
[   39.317558] cloud-init[948]: +----[SHA256]-----+
[[0;32m  OK  [0m] Started D-Bus System Message Bus.
[[0;32m  OK  [0m] Started ACPI event daemon.
         Starting /etc/rc.local Compatibility...
[[0;32m  OK  [0m] Started Deferred execution scheduler.
         Starting System Logging Service...
         Starting Snappy daemon...
         Starting Virtualbox guest utils...
[[0;32m  OK  [0m] Started FUSE filesystem for LXC.
         Starting LXD - container startup/shutdown...
[[0;32m  OK  [0m] Started iSCSI initiator daemon (iscsid).
[[0;32m  OK  [0m] Started /etc/rc.local Compatibility.
         Starting Login to default iSCSI targets...
[[0;32m  OK  [0m] Started Login Service.
[[0;32m  OK  [0m] Started LSB: Record successful boot for GRUB.
         Starting Authenticate and Authorize Users to Run Privileged Tasks...
[[0;32m  OK  [0m] Started LSB: MD monitoring daemon.
[[0;32m  OK  [0m] Started Login to default iSCSI targets.
[[0;32m  OK  [0m] Started System Logging Service.
[[0;32m  OK  [0m] Reached target Remote File Systems (Pre).
[[0;32m  OK  [0m] Reached target Remote File Systems.
         Starting Permit User Sessions...
         Starting LSB: daemon to balance interrupts for SMP systems...
         Starting LSB: automatic crash report generation...
         Starting LSB: Set the CPU Frequency Scaling governor to "ondemand"...
[[0;32m  OK  [0m] Started Permit User Sessions.
[[0;32m  OK  [0m] Started Authenticate and Authorize Users to Run Privileged Tasks.
[[0;32m  OK  [0m] Started Accounts Service.
         Starting Terminate Plymouth Boot Screen...
         Starting Hold until boot process finishes up...
[[0;32m  OK  [0m] Started Virtualbox guest utils.
[[0;32m  OK  [0m] Started LSB: Set the CPU Frequency Scaling governor to "ondemand".
[[0;32m  OK  [0m] Started Terminate Plymouth Boot Screen.
[[0;32m  OK  [0m] Started Pollinate to seed the pseudo random number generator.
[[0;32m  OK  [0m] Started LSB: daemon to balance interrupts for SMP systems.
[[0;32m  OK  [0m] Started Hold until boot process finishes up.
[[0;32m  OK  [0m] Started Getty on tty1.
         Starting Set console scheme...
[[0;32m  OK  [0m] Started Serial Getty on ttyS0.
[[0;32m  OK  [0m] Reached target Login Prompts.
         Starting OpenBSD Secure Shell server...
[[0;32m  OK  [0m] Started LSB: automatic crash report generation.
[[0;32m  OK  [0m] Started Set console scheme.
[[0;32m  OK  [0m] Started OpenBSD Secure Shell server.
[[0;32m  OK  [0m] Started LXD - container startup/shutdown.
[[0;32m  OK  [0m] Created slice User Slice of vagrant.
[[0;32m  OK  [0m] Started Session 1 of user vagrant.
         Starting User Manager for UID 1000...
[[0;32m  OK  [0m] Started Snappy daemon.
         Starting Wait until snapd is fully seeded...
[[0;32m  OK  [0m] Started User Manager for UID 1000.
[   46.909641] cloud-init[1415]: Generating locales (this might take a while)...

Ubuntu 16.04.5 LTS ubuntu-xenial ttyS0

ubuntu-xenial login: [   47.745256] cloud-init[1415]:   en_US.UTF-8... done
[   47.746038] cloud-init[1415]: Generation complete.
[   49.000593] cloud-init[1415]: Cloud-init v. 18.3-9-g2e62cb8a-0ubuntu1~16.04.2 running 'modules:config' at Tue, 09 Oct 2018 12:50:00 +0000. Up 46.72 seconds.
ci-info: no authorized ssh keys fingerprints found for user ubuntu.
<14>Oct  9 12:50:02 ec2: 
<14>Oct  9 12:50:02 ec2: #############################################################
<14>Oct  9 12:50:02 ec2: -----BEGIN SSH HOST KEY FINGERPRINTS-----
<14>Oct  9 12:50:02 ec2: 1024 SHA256:I/xwGMxCCgOs/kypN9EcSFLRSsWEMzfW+9VlMK2kxnk root@ubuntu-xenial (DSA)
<14>Oct  9 12:50:02 ec2: 256 SHA256:N2y042wvKe7pmwwc0i5odsrCJSgRsZpOzsmt0ohSrIc root@ubuntu-xenial (ECDSA)
<14>Oct  9 12:50:02 ec2: 256 SHA256:pmk8m5WXlK91rMRCfFKboxcnaKgDkbMh1fYE7E8FvNQ root@ubuntu-xenial (ED25519)
<14>Oct  9 12:50:02 ec2: 2048 SHA256:+F041LG+Riuq9RQag2ROhjRQtUelCamQdjmie0jrvwY root@ubuntu-xenial (RSA)
<14>Oct  9 12:50:02 ec2: -----END SSH HOST KEY FINGERPRINTS-----
<14>Oct  9 12:50:02 ec2: #############################################################
-----BEGIN SSH HOST KEY KEYS-----
ecdsa-sha2-nistp256 AAAAE2VjZHNhLXNoYTItbmlzdHAyNTYAAAAIbmlzdHAyNTYAAABBBDd8RdDVn0BcckN6PGFhXE78uMvZcDKlQmiT4dWtfjuDS60e+LJ6vy+tn3KQXHZGSzBtS0z9JE22Y147f+Mj8Ug= root@ubuntu-xenial
ssh-ed25519 AAAAC3NzaC1lZDI1NTE5AAAAID/z1pdZS+MJoKeDSYKJEAd2xJ1VyX5SR6un+mDOwJ5V root@ubuntu-xenial
ssh-rsa AAAAB3NzaC1yc2EAAAADAQABAAABAQDMTl1FZ7Zi1Qgidg72QNdoqycS0eJwQ7MgFGP0e9HiqraZto7wzvjTHNii90ACd+Aqcb0QuQDiSn9ED/1vCBHAjT7SibU7kV8JcRz85omTwTxOSemLRQY1yVGHNNSjUkito/Y5Tk4hJYYwW6S4QJFBOxzVBNI1FaVgh7yMxeIEee7gf7RtooL1jTfZCDEKTOhRhSNsy9ON7qGpGRRR3FfmzGJJuMUjmFPlUhStUmapECaocp46wPlPNBUDdMRbpxKDPgRiTTDQj60aUnlEw4gxtejBtqwTejspi2aItWpR5ct106D4784iN0P+Oj4Gc0Cj0+5f/OaPr2ifno41dBlr root@ubuntu-xenial
-----END SSH HOST KEY KEYS-----
[   49.417590] cloud-init[1542]: Cloud-init v. 18.3-9-g2e62cb8a-0ubuntu1~16.04.2 running 'modules:final' at Tue, 09 Oct 2018 12:50:02 +0000. Up 49.26 seconds.
[   49.417824] cloud-init[1542]: ci-info: no authorized ssh keys fingerprints found for user ubuntu.
[   49.417971] cloud-init[1542]: Cloud-init v. 18.3-9-g2e62cb8a-0ubuntu1~16.04.2 finished at Tue, 09 Oct 2018 12:50:02 +0000. Datasource DataSourceNoCloud [seed=/dev/sdb][dsmode=net].  Up 49.41 seconds
